{"/Users/kiattisak/Developer/Playground/craft-brew-catalog/app/core/components/ui/badge/Badge.vue": {"path":"/Users/kiattisak/Developer/Playground/craft-brew-catalog/app/core/components/ui/badge/Badge.vue","statementMap":{"0":{"start":{"line":11,"column":14},"end":{"line":11,"column":null}}},"fnMap":{},"branchMap":{},"s":{"0":10},"f":{},"b":{},"meta":{"lastBranch":0,"lastFunction":0,"lastStatement":1,"seen":{"s:11:14:11:Infinity":0}}}
,"/Users/kiattisak/Developer/Playground/craft-brew-catalog/app/core/components/ui/badge/index.ts": {"path":"/Users/kiattisak/Developer/Playground/craft-brew-catalog/app/core/components/ui/badge/index.ts","statementMap":{"0":{"start":{"line":5,"column":13},"end":{"line":23,"column":null}}},"fnMap":{},"branchMap":{},"s":{"0":1},"f":{},"b":{},"meta":{"lastBranch":0,"lastFunction":0,"lastStatement":1,"seen":{"s:5:13:23:Infinity":0}}}
,"/Users/kiattisak/Developer/Playground/craft-brew-catalog/app/core/components/ui/button/Button.vue": {"path":"/Users/kiattisak/Developer/Playground/craft-brew-catalog/app/core/components/ui/button/Button.vue","statementMap":{"0":{"start":{"line":15,"column":14},"end":{"line":15,"column":null}},"1":{"start":{"line":27,"column":12},"end":{"line":27,"column":null}}},"fnMap":{"0":{"name":"(anonymous_0)","decl":{"start":{"line":27,"column":4},"end":{"line":27,"column":12}},"loc":{"start":{"line":27,"column":12},"end":{"line":27,"column":null}},"line":27}},"branchMap":{},"s":{"0":10,"1":10},"f":{"0":10},"b":{},"meta":{"lastBranch":0,"lastFunction":1,"lastStatement":2,"seen":{"s:15:14:15:Infinity":0,"f:27:4:27:12":0,"s:27:12:27:Infinity":1}}}
,"/Users/kiattisak/Developer/Playground/craft-brew-catalog/app/core/components/ui/button/index.ts": {"path":"/Users/kiattisak/Developer/Playground/craft-brew-catalog/app/core/components/ui/button/index.ts","statementMap":{"0":{"start":{"line":5,"column":13},"end":{"line":30,"column":null}}},"fnMap":{},"branchMap":{},"s":{"0":1},"f":{},"b":{},"meta":{"lastBranch":0,"lastFunction":0,"lastStatement":1,"seen":{"s:5:13:30:Infinity":0}}}
,"/Users/kiattisak/Developer/Playground/craft-brew-catalog/app/core/data/beers.ts": {"path":"/Users/kiattisak/Developer/Playground/craft-brew-catalog/app/core/data/beers.ts","statementMap":{"0":{"start":{"line":3,"column":33},"end":{"line":300,"column":null}}},"fnMap":{},"branchMap":{},"s":{"0":1},"f":{},"b":{},"meta":{"lastBranch":0,"lastFunction":0,"lastStatement":1,"seen":{"s:3:33:300:Infinity":0}}}
,"/Users/kiattisak/Developer/Playground/craft-brew-catalog/app/core/lib/utils.ts": {"path":"/Users/kiattisak/Developer/Playground/craft-brew-catalog/app/core/lib/utils.ts","statementMap":{"0":{"start":{"line":5,"column":2},"end":{"line":5,"column":null}}},"fnMap":{"0":{"name":"cn","decl":{"start":{"line":4,"column":16},"end":{"line":4,"column":22}},"loc":{"start":{"line":4,"column":44},"end":{"line":6,"column":null}},"line":4}},"branchMap":{},"s":{"0":28},"f":{"0":28},"b":{},"meta":{"lastBranch":0,"lastFunction":1,"lastStatement":1,"seen":{"f:4:16:4:22":0,"s:5:2:5:Infinity":0}}}
}
